0 info it worked if it ends with ok
1 verbose cli [ '/Users/charrondev/.nvm/versions/node/v6.2.1/bin/node',
1 verbose cli   '/Users/charrondev/.nvm/versions/node/v6.2.1/bin/npm',
1 verbose cli   'run',
1 verbose cli   'localtunnel' ]
2 info using npm@3.9.3
3 info using node@v6.2.1
4 verbose run-script [ 'prelocaltunnel', 'localtunnel', 'postlocaltunnel' ]
5 info lifecycle slack-issue-tracker@0.0.1~prelocaltunnel: slack-issue-tracker@0.0.1
6 silly lifecycle slack-issue-tracker@0.0.1~prelocaltunnel: no script for prelocaltunnel, continuing
7 info lifecycle slack-issue-tracker@0.0.1~localtunnel: slack-issue-tracker@0.0.1
8 verbose lifecycle slack-issue-tracker@0.0.1~localtunnel: unsafe-perm in lifecycle true
9 verbose lifecycle slack-issue-tracker@0.0.1~localtunnel: PATH: /Users/charrondev/.nvm/versions/node/v6.2.1/lib/node_modules/npm/bin/node-gyp-bin:/Users/charrondev/Dev/slackbot/node_modules/.bin:/Users/charrondev/.nvm/versions/node/v6.2.1/bin:/Users/charrondev/.nvm/versions/node/v6.2.1/bin:/Applications/Postgres.app/Contents/Versions/latest/bin:/Users/charrondev/Library/Android/sdk/platform-tools/adb:/usr/local/bin:/usr/bin:/bin:/usr/sbin:/sbin:/opt/X11/bin
10 verbose lifecycle slack-issue-tracker@0.0.1~localtunnel: CWD: /Users/charrondev/Dev/slackbot
11 silly lifecycle slack-issue-tracker@0.0.1~localtunnel: Args: [ '-c', 'lt --port 8765 --subdomain trackle' ]
12 silly lifecycle slack-issue-tracker@0.0.1~localtunnel: Returned: code: 1  signal: null
13 info lifecycle slack-issue-tracker@0.0.1~localtunnel: Failed to exec localtunnel script
14 verbose stack Error: slack-issue-tracker@0.0.1 localtunnel: `lt --port 8765 --subdomain trackle`
14 verbose stack Exit status 1
14 verbose stack     at EventEmitter.<anonymous> (/Users/charrondev/.nvm/versions/node/v6.2.1/lib/node_modules/npm/lib/utils/lifecycle.js:245:16)
14 verbose stack     at emitTwo (events.js:106:13)
14 verbose stack     at EventEmitter.emit (events.js:191:7)
14 verbose stack     at ChildProcess.<anonymous> (/Users/charrondev/.nvm/versions/node/v6.2.1/lib/node_modules/npm/lib/utils/spawn.js:24:14)
14 verbose stack     at emitTwo (events.js:106:13)
14 verbose stack     at ChildProcess.emit (events.js:191:7)
14 verbose stack     at maybeClose (internal/child_process.js:852:16)
14 verbose stack     at Process.ChildProcess._handle.onexit (internal/child_process.js:215:5)
15 verbose pkgid slack-issue-tracker@0.0.1
16 verbose cwd /Users/charrondev/Dev/slackbot
17 error Darwin 15.4.0
18 error argv "/Users/charrondev/.nvm/versions/node/v6.2.1/bin/node" "/Users/charrondev/.nvm/versions/node/v6.2.1/bin/npm" "run" "localtunnel"
19 error node v6.2.1
20 error npm  v3.9.3
21 error code ELIFECYCLE
22 error slack-issue-tracker@0.0.1 localtunnel: `lt --port 8765 --subdomain trackle`
22 error Exit status 1
23 error Failed at the slack-issue-tracker@0.0.1 localtunnel script 'lt --port 8765 --subdomain trackle'.
23 error Make sure you have the latest version of node.js and npm installed.
23 error If you do, this is most likely a problem with the slack-issue-tracker package,
23 error not with npm itself.
23 error Tell the author that this fails on your system:
23 error     lt --port 8765 --subdomain trackle
23 error You can get information on how to open an issue for this project with:
23 error     npm bugs slack-issue-tracker
23 error Or if that isn't available, you can get their info via:
23 error     npm owner ls slack-issue-tracker
23 error There is likely additional logging output above.
24 verbose exit [ 1, true ]
